<?xml version="1.0" encoding="UTF-8"?>
<!-- Generated by org.testng.reporters.JUnitXMLReporter -->
<testsuite ignored="1" hostname="LAPTOP-0CG7VJN0" failures="0" tests="1" name="Default test" time="6.601" errors="0" timestamp="2024-09-13T11:36:50 IST">
  <testcase classname="testCases.AddToCart" name="addToCart" time="1.215"/>
  <testcase classname="testCases.LoginTest" name="loginVerification" time="0.0">
    <ignored/>
  </testcase> <!-- loginVerification -->
</testsuite> <!-- Default test -->
