<?xml version="1.0" encoding="UTF-8"?>
<!-- Generated by org.testng.reporters.JUnitXMLReporter -->
<testsuite ignored="0" hostname="LAPTOP-0CG7VJN0" failures="0" tests="3" name="Default test" time="35.498" errors="0" timestamp="2024-09-10T00:17:26 IST">
  <testcase classname="testCases.LoginTest" name="loginVerification" time="21.769"/>
  <testcase classname="testCases.LoginTest" name="loginVerification" time="1.623"/>
  <testcase classname="testCases.LoginTest" name="loginVerification" time="2.136"/>
</testsuite> <!-- Default test -->
