<?xml version="1.0" encoding="UTF-8"?>
<!-- Generated by org.testng.reporters.JUnitXMLReporter -->
<testsuite ignored="0" hostname="LAPTOP-0CG7VJN0" failures="0" tests="3" name="chrome" time="17.699" errors="0" timestamp="2025-02-13T11:51:32 IST">
  <testcase classname="testCases.LoginTest" name="loginVerification" time="0.6"/>
  <testcase classname="testCases.AddToCart" name="addToCart" time="1.64"/>
  <testcase classname="testCases.CartCheckoutTest" name="cartCheckOut" time="1.869"/>
</testsuite> <!-- chrome -->
