<?xml version="1.0" encoding="UTF-8"?>
<!-- Generated by org.testng.reporters.JUnitXMLReporter -->
<testsuite ignored="0" hostname="LAPTOP-0CG7VJN0" failures="0" tests="3" name="edge" time="321.624" errors="0" timestamp="2025-02-13T11:22:55 IST">
  <testcase classname="testCases.LoginTest" name="loginVerification" time="0.0">
    <skipped/>
  </testcase> <!-- loginVerification -->
  <testcase classname="testCases.AddToCart" name="addToCart" time="1.815"/>
  <testcase classname="testCases.CartCheckoutTest" name="cartCheckOut" time="2.065"/>
</testsuite> <!-- edge -->
