<?xml version="1.0" encoding="UTF-8"?>
<testng-results ignored="0" total="3" passed="3" failed="0" skipped="0">
  <reporter-output>
  </reporter-output>
  <suite started-at="2024-09-13T18:29:11 IST" name="Suite" finished-at="2024-09-13T18:29:27 IST" duration-ms="16060">
    <groups>
    </groups>
    <test started-at="2024-09-13T18:29:11 IST" name="Test" finished-at="2024-09-13T18:29:27 IST" duration-ms="16060">
      <class name="testCases.CartCheckoutTest">
        <test-method is-config="true" signature="launch()[pri:0, instance:testCases.CartCheckoutTest@563f38c4]" started-at="2024-09-13T18:29:23 IST" name="launch" finished-at="2024-09-13T18:29:25 IST" duration-ms="2372" status="PASS">
          <reporter-output>
          </reporter-output>
        </test-method> <!-- launch -->
        <test-method signature="cartCheckOut(java.lang.String,java.lang.String,java.lang.String,java.lang.String)[pri:0, instance:testCases.CartCheckoutTest@563f38c4]" started-at="2024-09-13T18:29:25 IST" name="cartCheckOut" data-provider="ItemData" finished-at="2024-09-13T18:29:27 IST" duration-ms="1709" status="PASS">
          <params>
            <param index="0">
              <value>
                <![CDATA[standard_user]]>
              </value>
            </param>
            <param index="1">
              <value>
                <![CDATA[secret_sauce]]>
              </value>
            </param>
            <param index="2">
              <value>
                <![CDATA[valid]]>
              </value>
            </param>
            <param index="3">
              <value>
                <![CDATA[Backpack, Fleece Jacket]]>
              </value>
            </param>
          </params>
          <reporter-output>
          </reporter-output>
        </test-method> <!-- cartCheckOut -->
        <test-method is-config="true" signature="close()[pri:0, instance:testCases.CartCheckoutTest@563f38c4]" started-at="2024-09-13T18:29:27 IST" name="close" finished-at="2024-09-13T18:29:27 IST" duration-ms="236" status="PASS">
          <reporter-output>
          </reporter-output>
        </test-method> <!-- close -->
      </class> <!-- testCases.CartCheckoutTest -->
      <class name="testCases.LoginTest">
        <test-method is-config="true" signature="launch()[pri:0, instance:testCases.LoginTest@76b1e9b8]" started-at="2024-09-13T18:29:11 IST" name="launch" finished-at="2024-09-13T18:29:16 IST" duration-ms="4717" status="PASS">
          <reporter-output>
          </reporter-output>
        </test-method> <!-- launch -->
        <test-method signature="loginVerification(java.lang.String,java.lang.String,java.lang.String)[pri:0, instance:testCases.LoginTest@76b1e9b8]" started-at="2024-09-13T18:29:18 IST" name="loginVerification" data-provider="LoginData" finished-at="2024-09-13T18:29:18 IST" duration-ms="680" status="PASS">
          <params>
            <param index="0">
              <value>
                <![CDATA[standard_user]]>
              </value>
            </param>
            <param index="1">
              <value>
                <![CDATA[secret_sauce]]>
              </value>
            </param>
            <param index="2">
              <value>
                <![CDATA[valid]]>
              </value>
            </param>
          </params>
          <reporter-output>
          </reporter-output>
        </test-method> <!-- loginVerification -->
        <test-method is-config="true" signature="close()[pri:0, instance:testCases.LoginTest@76b1e9b8]" started-at="2024-09-13T18:29:18 IST" name="close" finished-at="2024-09-13T18:29:18 IST" duration-ms="238" status="PASS">
          <reporter-output>
          </reporter-output>
        </test-method> <!-- close -->
      </class> <!-- testCases.LoginTest -->
      <class name="testCases.AddToCart">
        <test-method is-config="true" signature="launch()[pri:0, instance:testCases.AddToCart@3e8c3cb]" started-at="2024-09-13T18:29:18 IST" name="launch" finished-at="2024-09-13T18:29:21 IST" duration-ms="2252" status="PASS">
          <reporter-output>
          </reporter-output>
        </test-method> <!-- launch -->
        <test-method signature="addToCart(java.lang.String,java.lang.String,java.lang.String,java.lang.String)[pri:0, instance:testCases.AddToCart@3e8c3cb]" started-at="2024-09-13T18:29:21 IST" name="addToCart" data-provider="ItemData" finished-at="2024-09-13T18:29:23 IST" duration-ms="1732" status="PASS">
          <params>
            <param index="0">
              <value>
                <![CDATA[standard_user]]>
              </value>
            </param>
            <param index="1">
              <value>
                <![CDATA[secret_sauce]]>
              </value>
            </param>
            <param index="2">
              <value>
                <![CDATA[valid]]>
              </value>
            </param>
            <param index="3">
              <value>
                <![CDATA[Backpack, Fleece Jacket]]>
              </value>
            </param>
          </params>
          <reporter-output>
          </reporter-output>
        </test-method> <!-- addToCart -->
        <test-method is-config="true" signature="close()[pri:0, instance:testCases.AddToCart@3e8c3cb]" started-at="2024-09-13T18:29:23 IST" name="close" finished-at="2024-09-13T18:29:23 IST" duration-ms="244" status="PASS">
          <reporter-output>
          </reporter-output>
        </test-method> <!-- close -->
      </class> <!-- testCases.AddToCart -->
    </test> <!-- Test -->
  </suite> <!-- Suite -->
</testng-results>
